# JRE version: OpenJDK Runtime Environment (8.0_275-b01) (build 1.8.0_275-8u275-b01-0ubuntu1~16.04-b01)
# Java VM: OpenJDK 64-Bit Server VM (25.275-b01 mixed mode linux-amd64 compressed oops)
Heap:
 PSYoungGen      total 141824K, used 0K [0x00000000f5580000, 0x0000000100000000, 0x0000000100000000)
  eden space 109056K, 0% used [0x00000000f5580000,0x00000000f5580000,0x00000000fc000000)
  from space 32768K, 0% used [0x00000000fc000000,0x00000000fc000000,0x00000000fe000000)
  to   space 32256K, 0% used [0x00000000fe080000,0x00000000fe080000,0x0000000100000000)
 ParOldGen       total 209408K, used 185274K [0x00000000e0000000, 0x00000000ecc80000, 0x00000000f5580000)
  object space 209408K, 88% used [0x00000000e0000000,0x00000000eb4eeab0,0x00000000ecc80000)
 Metaspace       used 90005K, capacity 98330K, committed 98560K, reserved 1132544K
  class space    used 12382K, capacity 14735K, committed 14848K, reserved 1048576K
GC Heap History (10 events):
Event: 100,039 GC heap after
Heap after GC invocations=34 (full 3):
 PSYoungGen      total 140800K, used 7302K [0x00000000f5580000, 0x0000000100000000, 0x0000000100000000)
  eden space 110592K, 0% used [0x00000000f5580000,0x00000000f5580000,0x00000000fc180000)
  from space 30208K, 24% used [0x00000000fc180000,0x00000000fc8a1b40,0x00000000fdf00000)
  to   space 30208K, 0% used [0x00000000fe280000,0x00000000fe280000,0x0000000100000000)
 ParOldGen       total 209408K, used 169185K [0x00000000e0000000, 0x00000000ecc80000, 0x00000000f5580000)
  object space 209408K, 80% used [0x00000000e0000000,0x00000000ea5384c0,0x00000000ecc80000)
 Metaspace       used 88317K, capacity 96498K, committed 96640K, reserved 1132544K
  class space    used 12153K, capacity 14445K, committed 14464K, reserved 1048576K
}
Event: 102,547 GC heap before
{Heap before GC invocations=35 (full 3):
 PSYoungGen      total 140800K, used 117894K [0x00000000f5580000, 0x0000000100000000, 0x0000000100000000)
  eden space 110592K, 100% used [0x00000000f5580000,0x00000000fc180000,0x00000000fc180000)
  from space 30208K, 24% used [0x00000000fc180000,0x00000000fc8a1b40,0x00000000fdf00000)
  to   space 30208K, 0% used [0x00000000fe280000,0x00000000fe280000,0x0000000100000000)
 ParOldGen       total 209408K, used 169185K [0x00000000e0000000, 0x00000000ecc80000, 0x00000000f5580000)
  object space 209408K, 80% used [0x00000000e0000000,0x00000000ea5384c0,0x00000000ecc80000)
 Metaspace       used 88764K, capacity 96994K, committed 97280K, reserved 1132544K
  class space    used 12213K, capacity 14505K, committed 14592K, reserved 1048576K
Event: 102,575 GC heap after
Heap after GC invocations=35 (full 3):
 PSYoungGen      total 143360K, used 5824K [0x00000000f5580000, 0x00000000fff00000, 0x0000000100000000)
  eden space 114176K, 0% used [0x00000000f5580000,0x00000000f5580000,0x00000000fc500000)
  from space 29184K, 19% used [0x00000000fe280000,0x00000000fe830010,0x00000000fff00000)
  to   space 29696K, 0% used [0x00000000fc500000,0x00000000fc500000,0x00000000fe200000)
 ParOldGen       total 209408K, used 171356K [0x00000000e0000000, 0x00000000ecc80000, 0x00000000f5580000)
  object space 209408K, 81% used [0x00000000e0000000,0x00000000ea757380,0x00000000ecc80000)
 Metaspace       used 88764K, capacity 96994K, committed 97280K, reserved 1132544K
  class space    used 12213K, capacity 14505K, committed 14592K, reserved 1048576K
}
Event: 103,653 GC heap before
{Heap before GC invocations=36 (full 3):
 PSYoungGen      total 143360K, used 120000K [0x00000000f5580000, 0x00000000fff00000, 0x0000000100000000)
  eden space 114176K, 100% used [0x00000000f5580000,0x00000000fc500000,0x00000000fc500000)
  from space 29184K, 19% used [0x00000000fe280000,0x00000000fe830010,0x00000000fff00000)
  to   space 29696K, 0% used [0x00000000fc500000,0x00000000fc500000,0x00000000fe200000)
 ParOldGen       total 209408K, used 171364K [0x00000000e0000000, 0x00000000ecc80000, 0x00000000f5580000)
  object space 209408K, 81% used [0x00000000e0000000,0x00000000ea759390,0x00000000ecc80000)
 Metaspace       used 89075K, capacity 97326K, committed 97536K, reserved 1132544K
  class space    used 12232K, capacity 14507K, committed 14592K, reserved 1048576K
Event: 103,734 GC heap after
Heap after GC invocations=36 (full 3):
 PSYoungGen      total 137728K, used 23520K [0x00000000f5580000, 0x0000000100000000, 0x0000000100000000)
  eden space 114176K, 0% used [0x00000000f5580000,0x00000000f5580000,0x00000000fc500000)
  from space 23552K, 99% used [0x00000000fc500000,0x00000000fdbf81c0,0x00000000fdc00000)
  to   space 31744K, 0% used [0x00000000fe100000,0x00000000fe100000,0x0000000100000000)
 ParOldGen       total 209408K, used 171364K [0x00000000e0000000, 0x00000000ecc80000, 0x00000000f5580000)
  object space 209408K, 81% used [0x00000000e0000000,0x00000000ea759390,0x00000000ecc80000)
 Metaspace       used 89075K, capacity 97326K, committed 97536K, reserved 1132544K
  class space    used 12232K, capacity 14507K, committed 14592K, reserved 1048576K
}
Event: 104,641 GC heap before
{Heap before GC invocations=37 (full 3):
 PSYoungGen      total 137728K, used 137696K [0x00000000f5580000, 0x0000000100000000, 0x0000000100000000)
  eden space 114176K, 100% used [0x00000000f5580000,0x00000000fc500000,0x00000000fc500000)
  from space 23552K, 99% used [0x00000000fc500000,0x00000000fdbf81c0,0x00000000fdc00000)
  to   space 31744K, 0% used [0x00000000fe100000,0x00000000fe100000,0x0000000100000000)
 ParOldGen       total 209408K, used 171448K [0x00000000e0000000, 0x00000000ecc80000, 0x00000000f5580000)
  object space 209408K, 81% used [0x00000000e0000000,0x00000000ea76e0d8,0x00000000ecc80000)
 Metaspace       used 89080K, capacity 97326K, committed 97536K, reserved 1132544K
  class space    used 12232K, capacity 14507K, committed 14592K, reserved 1048576K
Event: 104,722 GC heap after
Heap after GC invocations=37 (full 3):
 PSYoungGen      total 140800K, used 20336K [0x00000000f5580000, 0x0000000100000000, 0x0000000100000000)
  eden space 109056K, 0% used [0x00000000f5580000,0x00000000f5580000,0x00000000fc000000)
  from space 31744K, 64% used [0x00000000fe100000,0x00000000ff4dc100,0x0000000100000000)
  to   space 32768K, 0% used [0x00000000fc000000,0x00000000fc000000,0x00000000fe000000)
 ParOldGen       total 209408K, used 179834K [0x00000000e0000000, 0x00000000ecc80000, 0x00000000f5580000)
  object space 209408K, 85% used [0x00000000e0000000,0x00000000eaf9e9a8,0x00000000ecc80000)
 Metaspace       used 89080K, capacity 97326K, committed 97536K, reserved 1132544K
  class space    used 12232K, capacity 14507K, committed 14592K, reserved 1048576K
}
Event: 107,916 GC heap before
{Heap before GC invocations=38 (full 3):
 PSYoungGen      total 140800K, used 126393K [0x00000000f5580000, 0x0000000100000000, 0x0000000100000000)
  eden space 109056K, 97% used [0x00000000f5580000,0x00000000fbd12398,0x00000000fc000000)
  from space 31744K, 64% used [0x00000000fe100000,0x00000000ff4dc100,0x0000000100000000)
  to   space 32768K, 0% used [0x00000000fc000000,0x00000000fc000000,0x00000000fe000000)
 ParOldGen       total 209408K, used 179834K [0x00000000e0000000, 0x00000000ecc80000, 0x00000000f5580000)
  object space 209408K, 85% used [0x00000000e0000000,0x00000000eaf9e9a8,0x00000000ecc80000)
 Metaspace       used 90033K, capacity 98406K, committed 98560K, reserved 1132544K
  class space    used 12391K, capacity 14751K, committed 14848K, reserved 1048576K
Event: 108,024 GC heap after
Heap after GC invocations=38 (full 3):
 PSYoungGen      total 141824K, used 17732K [0x00000000f5580000, 0x0000000100000000, 0x0000000100000000)
  eden space 109056K, 0% used [0x00000000f5580000,0x00000000f5580000,0x00000000fc000000)
  from space 32768K, 54% used [0x00000000fc000000,0x00000000fd1513a8,0x00000000fe000000)
  to   space 32256K, 0% used [0x00000000fe080000,0x00000000fe080000,0x0000000100000000)
 ParOldGen       total 209408K, used 182386K [0x00000000e0000000, 0x00000000ecc80000, 0x00000000f5580000)
  object space 209408K, 87% used [0x00000000e0000000,0x00000000eb21c9b8,0x00000000ecc80000)
 Metaspace       used 90033K, capacity 98406K, committed 98560K, reserved 1132544K
  class space    used 12391K, capacity 14751K, committed 14848K, reserved 1048576K
}
Event: 108,024 GC heap before
{Heap before GC invocations=39 (full 4):
 PSYoungGen      total 141824K, used 17732K [0x00000000f5580000, 0x0000000100000000, 0x0000000100000000)
  eden space 109056K, 0% used [0x00000000f5580000,0x00000000f5580000,0x00000000fc000000)
  from space 32768K, 54% used [0x00000000fc000000,0x00000000fd1513a8,0x00000000fe000000)
  to   space 32256K, 0% used [0x00000000fe080000,0x00000000fe080000,0x0000000100000000)
 ParOldGen       total 209408K, used 182386K [0x00000000e0000000, 0x00000000ecc80000, 0x00000000f5580000)
  object space 209408K, 87% used [0x00000000e0000000,0x00000000eb21c9b8,0x00000000ecc80000)
 Metaspace       used 90033K, capacity 98406K, committed 98560K, reserved 1132544K
  class space    used 12391K, capacity 14751K, committed 14848K, reserved 1048576K

